<?xml version="1.0" encoding="UTF-8"?>
<!-- Generated by org.testng.reporters.JUnitReportReporter -->
<testsuite hostname="Hi" failures="0" tests="1" name="Testcases.Testcase01" time="2.113" errors="0" timestamp="2024-05-31T10:51:31 IST" skipped="0">
  <testcase classname="Testcases.Testcase01" name="RegTest" time="2.113"/>
</testsuite> <!-- Testcases.Testcase01 -->
